<?xml version="1.0" encoding="UTF-8"?>
<!-- Generated by org.testng.reporters.JUnitReportReporter -->
<testsuite hostname="PG01D655" failures="0" tests="1" name="REST.Serialization" time="4.153" errors="0" timestamp="2024-11-21T23:02:55 IST" skipped="0">
  <testcase classname="REST.Serialization" name="serializeTest" time="4.153"/>
  <system-out/>
</testsuite> <!-- REST.Serialization -->
