<?xml version="1.0" encoding="UTF-8"?>
<!-- Generated by org.testng.reporters.JUnitReportReporter -->
<testsuite hostname="PG01D655" failures="0" tests="1" name="REST.SumValidation" time="1.532" errors="0" timestamp="2024-11-15T16:01:06 IST" skipped="0">
  <testcase classname="REST.SumValidation" name="SumofCources" time="1.532"/>
  <system-out/>
</testsuite> <!-- REST.SumValidation -->
