<?xml version="1.0" encoding="UTF-8"?>
<!-- Generated by org.testng.reporters.JUnitReportReporter -->
<testsuite hostname="PG01D655" failures="0" tests="1" name="REST.OAuth" time="6.169" errors="0" timestamp="2024-11-21T17:10:34 IST" skipped="0">
  <testcase classname="REST.OAuth" name="Authorization" time="6.169"/>
  <system-out/>
</testsuite> <!-- REST.OAuth -->
