<?xml version="1.0" encoding="UTF-8"?>
<!-- Generated by org.testng.reporters.JUnitReportReporter -->
<testsuite hostname="LAPTOP-HQP80NQO" failures="0" tests="1" name="REST.SumValidation" time="1.377" errors="0" timestamp="2024-11-17T11:36:25 IST" skipped="0">
  <testcase classname="REST.SumValidation" name="SumofCources" time="1.377"/>
  <system-out/>
</testsuite> <!-- REST.SumValidation -->
