<?xml version="1.0" encoding="UTF-8"?>
<!-- Generated by org.testng.reporters.JUnitReportReporter -->
<testsuite hostname="LAPTOP-HQP80NQO" failures="0" tests="3" name="REST.DynamicJson" time="3.312" errors="0" timestamp="2024-11-19T00:28:14 IST" skipped="0">
  <testcase classname="REST.DynamicJson" name="addBook" time="2.682"/>
  <system-out/>
  <testcase classname="REST.DynamicJson" name="addBook" time="0.321"/>
  <system-out/>
  <testcase classname="REST.DynamicJson" name="addBook" time="0.309"/>
  <system-out/>
</testsuite> <!-- REST.DynamicJson -->
