<?xml version="1.0" encoding="UTF-8"?>
<!-- Generated by org.testng.reporters.JUnitReportReporter -->
<testsuite hostname="LAPTOP-HQP80NQO" failures="0" tests="3" name="REST.DynamicJson" time="1.815" errors="0" timestamp="2024-11-17T13:57:22 IST" skipped="0">
  <testcase classname="REST.DynamicJson" name="addBook" time="1.591"/>
  <system-out/>
  <testcase classname="REST.DynamicJson" name="addBook" time="0.112"/>
  <system-out/>
  <testcase classname="REST.DynamicJson" name="addBook" time="0.112"/>
  <system-out/>
</testsuite> <!-- REST.DynamicJson -->
